c:\users\haubold\source\repos\opengl\opengl\debug\vc141.pdb
c:\users\haubold\source\repos\opengl\opengl\debug\vc141.idb
c:\users\haubold\source\repos\opengl\opengl\debug\point3f.obj
c:\users\haubold\source\repos\opengl\opengl\debug\main.obj
c:\users\haubold\source\repos\opengl\opengl\debug\traceutils.obj
c:\users\haubold\source\repos\opengl\opengl\debug\constants.obj
c:\users\haubold\source\repos\opengl\opengl\debug\sphere.obj
c:\users\haubold\source\repos\opengl\opengl\debug\plane.obj
c:\users\haubold\source\repos\opengl\debug\opengl.pdb
c:\users\haubold\source\repos\opengl\opengl\debug\opengl.tlog\cl.command.1.tlog
c:\users\haubold\source\repos\opengl\opengl\debug\opengl.tlog\cl.read.1.tlog
c:\users\haubold\source\repos\opengl\opengl\debug\opengl.tlog\cl.write.1.tlog
c:\users\haubold\source\repos\opengl\opengl\debug\opengl.tlog\link-cvtres.read.1.tlog
c:\users\haubold\source\repos\opengl\opengl\debug\opengl.tlog\link-cvtres.write.1.tlog
c:\users\haubold\source\repos\opengl\opengl\debug\opengl.tlog\link-rc.read.1.tlog
c:\users\haubold\source\repos\opengl\opengl\debug\opengl.tlog\link-rc.write.1.tlog
c:\users\haubold\source\repos\opengl\opengl\debug\opengl.tlog\link.6128-cvtres.read.1.tlog
c:\users\haubold\source\repos\opengl\opengl\debug\opengl.tlog\link.6128-cvtres.write.1.tlog
c:\users\haubold\source\repos\opengl\opengl\debug\opengl.tlog\link.6128-rc.read.1.tlog
c:\users\haubold\source\repos\opengl\opengl\debug\opengl.tlog\link.6128-rc.write.1.tlog
c:\users\haubold\source\repos\opengl\opengl\debug\opengl.tlog\link.6128.read.1.tlog
c:\users\haubold\source\repos\opengl\opengl\debug\opengl.tlog\link.6128.write.1.tlog
c:\users\haubold\source\repos\opengl\opengl\debug\opengl.tlog\link.command.1.tlog
c:\users\haubold\source\repos\opengl\opengl\debug\opengl.tlog\link.read.1.tlog
c:\users\haubold\source\repos\opengl\opengl\debug\opengl.tlog\link.write.1.tlog
